D:\BongTaiXinhShop\BongTaiXinhShop.Web\Assets\admin\libs\ui-router-master\.testlib\test\util\testUtilsNg1.js
D:\BongTaiXinhShop\BongTaiXinhShop.Web\Assets\admin\libs\ui-router-master\.testlib\test\jest.init.js
D:\BongTaiXinhShop\BongTaiXinhShop.Web\Assets\admin\libs\ui-router-master\.testlib\src\interface.js
D:\BongTaiXinhShop\BongTaiXinhShop.Web\Assets\admin\libs\ui-router-master\.testlib\src\angular.js
D:\BongTaiXinhShop\BongTaiXinhShop.Web\Assets\admin\libs\ui-router-master\.testlib\src\templateFactory.js
D:\BongTaiXinhShop\BongTaiXinhShop.Web\Assets\admin\libs\ui-router-master\.testlib\src\statebuilders\views.js
D:\BongTaiXinhShop\BongTaiXinhShop.Web\Assets\admin\libs\ui-router-master\.testlib\src\stateProvider.js
D:\BongTaiXinhShop\BongTaiXinhShop.Web\Assets\admin\libs\ui-router-master\.testlib\src\statebuilders\onEnterExitRetain.js
D:\BongTaiXinhShop\BongTaiXinhShop.Web\Assets\admin\libs\ui-router-master\.testlib\src\locationServices.js
D:\BongTaiXinhShop\BongTaiXinhShop.Web\Assets\admin\libs\ui-router-master\.testlib\src\urlRouterProvider.js
D:\BongTaiXinhShop\BongTaiXinhShop.Web\Assets\admin\libs\ui-router-master\.testlib\src\services.js
D:\BongTaiXinhShop\BongTaiXinhShop.Web\Assets\admin\libs\ui-router-master\.testlib\src\viewScroll.js
D:\BongTaiXinhShop\BongTaiXinhShop.Web\Assets\admin\libs\ui-router-master\.testlib\src\injectables.js
D:\BongTaiXinhShop\BongTaiXinhShop.Web\Assets\admin\libs\ui-router-master\.testlib\src\directives\viewDirective.js
D:\BongTaiXinhShop\BongTaiXinhShop.Web\Assets\admin\libs\ui-router-master\.testlib\src\directives\stateDirectives.js
D:\BongTaiXinhShop\BongTaiXinhShop.Web\Assets\admin\libs\ui-router-master\.testlib\src\stateFilters.js
D:\BongTaiXinhShop\BongTaiXinhShop.Web\Assets\admin\libs\ui-router-master\.testlib\src\index.js
D:\BongTaiXinhShop\BongTaiXinhShop.Web\Assets\admin\libs\ui-router-master\.testlib\test\ng1StateBuilderSpec.js
D:\BongTaiXinhShop\BongTaiXinhShop.Web\Assets\admin\libs\ui-router-master\.testlib\src\legacy\resolveService.js
D:\BongTaiXinhShop\BongTaiXinhShop.Web\Assets\admin\libs\ui-router-master\.testlib\test\resolveSpec.js
D:\BongTaiXinhShop\BongTaiXinhShop.Web\Assets\admin\libs\ui-router-master\.testlib\test\servicesSpec.js
D:\BongTaiXinhShop\BongTaiXinhShop.Web\Assets\admin\libs\ui-router-master\.testlib\test\stateDirectivesSpec.js
D:\BongTaiXinhShop\BongTaiXinhShop.Web\Assets\admin\libs\ui-router-master\.testlib\src\legacy\stateEvents.js
D:\BongTaiXinhShop\BongTaiXinhShop.Web\Assets\admin\libs\ui-router-master\.testlib\test\stateEventsSpec.js
D:\BongTaiXinhShop\BongTaiXinhShop.Web\Assets\admin\libs\ui-router-master\.testlib\test\stateFiltersSpec.js
D:\BongTaiXinhShop\BongTaiXinhShop.Web\Assets\admin\libs\ui-router-master\.testlib\test\stateSpec.js
D:\BongTaiXinhShop\BongTaiXinhShop.Web\Assets\admin\libs\ui-router-master\.testlib\test\templateFactorySpec.js
D:\BongTaiXinhShop\BongTaiXinhShop.Web\Assets\admin\libs\ui-router-master\.testlib\test\urlMatcherFactorySpec.js
D:\BongTaiXinhShop\BongTaiXinhShop.Web\Assets\admin\libs\ui-router-master\.testlib\test\urlRouterSpec.js
D:\BongTaiXinhShop\BongTaiXinhShop.Web\Assets\admin\libs\ui-router-master\.testlib\test\viewDirectiveSpec.js
D:\BongTaiXinhShop\BongTaiXinhShop.Web\Assets\admin\libs\ui-router-master\.testlib\test\viewHookSpec.js
D:\BongTaiXinhShop\BongTaiXinhShop.Web\Assets\admin\libs\ui-router-master\.testlib\test\viewScrollSpec.js
D:\BongTaiXinhShop\BongTaiXinhShop.Web\Assets\admin\libs\ui-router-master\.testlib\test\viewSpec.js
